E:\VISUAL\SHITTESTING\SHADERCOMPILER\X64\DEBUG\MAIN.OBJ
E:\VISUAL\SHITTESTING\SHADERCOMPILER\X64\DEBUG\VC110.PDB
E:\VISUAL\SHITTESTING\SHADERCOMPILER\X64\DEBUG\VC110.DBS.1.IDB
E:\VISUAL\SHITTESTING\SHADERCOMPILER\X64\DEBUG\VC110.DBS.1.PDB
E:\VISUAL\SHITTESTING\X64\DEBUG\SHADERCOMPILER.ILK
E:\VISUAL\SHITTESTING\X64\DEBUG\SHADERCOMPILER.EXE
E:\VISUAL\SHITTESTING\X64\DEBUG\SHADERCOMPILER.PDB
E:\Visual\ShitTesting\ShaderCompiler\x64\Debug\main.obj
E:\Visual\ShitTesting\ShaderCompiler\x64\Debug\cl.command.1.tlog
E:\Visual\ShitTesting\ShaderCompiler\x64\Debug\CL.read.1.tlog
E:\Visual\ShitTesting\ShaderCompiler\x64\Debug\CL.write.1.tlog
E:\Visual\ShitTesting\ShaderCompiler\x64\Debug\link-cvtres.read.1.tlog
E:\Visual\ShitTesting\ShaderCompiler\x64\Debug\link-cvtres.write.1.tlog
E:\Visual\ShitTesting\ShaderCompiler\x64\Debug\link-rc.read.1.tlog
E:\Visual\ShitTesting\ShaderCompiler\x64\Debug\link-rc.write.1.tlog
E:\Visual\ShitTesting\ShaderCompiler\x64\Debug\link.command.1.tlog
E:\Visual\ShitTesting\ShaderCompiler\x64\Debug\link.read.1.tlog
E:\Visual\ShitTesting\ShaderCompiler\x64\Debug\link.write.1.tlog
E:\Visual\ShitTesting\ShaderCompiler\x64\Debug\vc110.dbs.1.idb
E:\Visual\ShitTesting\ShaderCompiler\x64\Debug\vc110.idb
E:\Visual\ShitTesting\ShaderCompiler\x64\Debug\vc110.dbs.1.pdb
E:\Visual\ShitTesting\ShaderCompiler\x64\Debug\vc110.pdb
E:\Visual\ShitTesting\x64\Debug\ShaderCompiler.pdb
E:\Visual\ShitTesting\x64\Debug\ShaderCompiler.exe
E:\Visual\ShitTesting\x64\Debug\ShaderCompiler.ilk
